<?xml version="1.0" encoding="UTF-8"?>
<!-- Generated by org.testng.reporters.JUnitReportReporter -->
<testsuite skipped="0" hostname="Suneela-MBP.local" name="Aug16.ExcelDemo" tests="1" failures="0" timestamp="17 Aug 2021 13:41:24 GMT" time="0.628" errors="0">
  <testcase name="testExcel" time="0.628" classname="Aug16.ExcelDemo"/>
</testsuite> <!-- Aug16.ExcelDemo -->
