<?xml version="1.0" encoding="UTF-8"?>
<!-- Generated by org.testng.reporters.JUnitReportReporter -->
<testsuite skipped="0" hostname="Suneela-MBP.local" name="Aug16.Demo2" tests="1" failures="0" timestamp="16 Aug 2021 14:30:58 GMT" time="4.823" errors="0">
  <testcase name="testA" time="4.823" classname="Aug16.Demo2"/>
</testsuite> <!-- Aug16.Demo2 -->
