<?xml version="1.0" encoding="UTF-8"?>
<!-- Generated by org.testng.reporters.JUnitReportReporter -->
<testsuite hostname="Suneela-MBP.local" failures="0" tests="10" name="Demo3" time="0.013" errors="0" timestamp="2021-08-10T20:15:23 IST" skipped="0">
  <testcase classname="Demo3" name="testA" time="0.001"/>
  <system-out>
    <![CDATA[To: Sunil
Click: Send]]>
  </system-out>
  <testcase classname="Demo3" name="testA" time="0.001"/>
  <system-out>
    <![CDATA[To: Sunil
Click: Send]]>
  </system-out>
  <testcase classname="Demo3" name="testA" time="0.001"/>
  <system-out>
    <![CDATA[To: Sunil
Click: Send]]>
  </system-out>
  <testcase classname="Demo3" name="testA" time="0.001"/>
  <system-out>
    <![CDATA[To: Sunil
Click: Send]]>
  </system-out>
  <testcase classname="Demo3" name="testA" time="0.001"/>
  <system-out>
    <![CDATA[To: Sunil
Click: Send]]>
  </system-out>
  <testcase classname="Demo3" name="testA" time="0.000"/>
  <system-out>
    <![CDATA[To: Sunil
Click: Send]]>
  </system-out>
  <testcase classname="Demo3" name="testA" time="0.001"/>
  <system-out>
    <![CDATA[To: Sunil
Click: Send]]>
  </system-out>
  <testcase classname="Demo3" name="testA" time="0.006"/>
  <system-out>
    <![CDATA[To: Sunil
Click: Send]]>
  </system-out>
  <testcase classname="Demo3" name="testA" time="0.001"/>
  <system-out>
    <![CDATA[To: Sunil
Click: Send]]>
  </system-out>
  <testcase classname="Demo3" name="testA" time="0.000"/>
  <system-out>
    <![CDATA[To: Sunil
Click: Send]]>
  </system-out>
</testsuite> <!-- Demo3 -->
