<?xml version="1.0" encoding="UTF-8"?>
<!-- Generated by org.testng.reporters.JUnitReportReporter -->
<testsuite hostname="Suneela-MBP.local" failures="0" tests="3" name="Demo1" time="0.006" errors="0" timestamp="2021-08-10T19:43:49 IST" skipped="0">
  <testcase classname="Demo1" name="testDemo3" time="0.000"/>
  <system-out>
    <![CDATA[Hi3
Bye3
Tata3]]>
  </system-out>
  <testcase classname="Demo1" name="testDemo1" time="0.005"/>
  <system-out>
    <![CDATA[Hi1
Bye1
Tata1]]>
  </system-out>
  <testcase classname="Demo1" name="testDemo2" time="0.001"/>
  <system-out>
    <![CDATA[Hi2
Bye2
Tata2]]>
  </system-out>
</testsuite> <!-- Demo1 -->
