<?xml version="1.0" encoding="UTF-8"?>
<!-- Generated by org.testng.reporters.JUnitReportReporter -->
<testsuite hostname="Suneela-MBP.local" failures="0" tests="3" name="Demo4" time="0.007" errors="0" timestamp="2021-08-10T20:17:06 IST" skipped="0">
  <testcase classname="Demo4" name="testA" time="0.001"/>
  <system-out>
    <![CDATA[To: Suvarna
Click: Send]]>
  </system-out>
  <testcase classname="Demo4" name="testA" time="0.001"/>
  <system-out>
    <![CDATA[To: Kota
Click: Send]]>
  </system-out>
  <testcase classname="Demo4" name="testA" time="0.005"/>
  <system-out>
    <![CDATA[To: Sunil
Click: Send]]>
  </system-out>
</testsuite> <!-- Demo4 -->
