<?xml version="1.0" encoding="UTF-8"?>
<!-- Generated by org.testng.reporters.JUnitReportReporter -->
<testsuite hostname="Suneela-MBP.local" failures="0" tests="3" name="Demo2" time="0.010" errors="0" timestamp="2021-08-10T19:52:44 IST" skipped="0">
  <testcase classname="Demo2" name="testC" time="0.008"/>
  <system-out>
    <![CDATA[testC]]>
  </system-out>
  <testcase classname="Demo2" name="testB" time="0.001"/>
  <system-out>
    <![CDATA[testB]]>
  </system-out>
  <testcase classname="Demo2" name="testA" time="0.001"/>
  <system-out>
    <![CDATA[testA]]>
  </system-out>
</testsuite> <!-- Demo2 -->
