<?xml version="1.0" encoding="UTF-8"?>
<!-- Generated by org.testng.reporters.JUnitReportReporter -->
<testsuite hostname="Suneela-MBP.local" failures="0" tests="3" name="Demo6" time="0.008" errors="0" timestamp="2021-08-10T20:44:47 IST" skipped="0">
  <testcase classname="Demo6" name="testA" time="0.001"/>
  <system-out>
    <![CDATA[----
Arun
GMPalya
****]]>
  </system-out>
  <testcase classname="Demo6" name="testA" time="0.001"/>
  <system-out>
    <![CDATA[----
Nandish
Ittamadu
560065
****]]>
  </system-out>
  <testcase classname="Demo6" name="testA" time="0.006"/>
  <system-out>
    <![CDATA[----
Sunil
****]]>
  </system-out>
</testsuite> <!-- Demo6 -->
