<?xml version="1.0" encoding="UTF-8"?>
<!-- Generated by org.testng.reporters.JUnitReportReporter -->
<testsuite hostname="Suneela-MBP.local" failures="0" tests="1" name="testngxml.Demo3" time="0.001" errors="0" timestamp="2021-08-10T21:02:21 IST" skipped="0">
  <testcase classname="testngxml.Demo3" name="testC" time="0.001"/>
  <system-out>
    <![CDATA[testC]]>
  </system-out>
</testsuite> <!-- testngxml.Demo3 -->
