<?xml version="1.0" encoding="UTF-8"?>
<!-- Generated by org.testng.reporters.JUnitReportReporter -->
<testsuite hostname="Suneela-MBP.local" failures="0" tests="2" name="Aug10_p1.Demo1" time="0.006" errors="0" timestamp="2021-08-17T16:59:34 IST" skipped="0">
  <testcase classname="Aug10_p1.Demo1" name="testA" time="0.005"/>
  <system-out>
    <![CDATA[TestA]]>
  </system-out>
  <testcase classname="Aug10_p1.Demo1" name="testB" time="0.001"/>
  <system-out>
    <![CDATA[TestB]]>
  </system-out>
</testsuite> <!-- Aug10_p1.Demo1 -->
