<?xml version="1.0" encoding="UTF-8"?>
<!-- Generated by org.testng.reporters.JUnitReportReporter -->
<testsuite hostname="Suneela-MBP.local" failures="0" tests="1" name="Aug10_p2.Demo1" time="0.006" errors="0" timestamp="2021-08-17T17:24:19 IST" skipped="0">
  <testcase classname="Aug10_p2.Demo1" name="test1" time="0.006"/>
  <system-out>
    <![CDATA[Test1]]>
  </system-out>
</testsuite> <!-- Aug10_p2.Demo1 -->
