<?xml version="1.0" encoding="UTF-8"?>
<!-- Generated by org.testng.reporters.JUnitReportReporter -->
<testsuite hostname="Suneela-MBP.local" failures="0" tests="1" name="Aug10_p2.Demo2" time="0.002" errors="0" timestamp="2021-08-17T17:24:19 IST" skipped="0">
  <testcase classname="Aug10_p2.Demo2" name="test2" time="0.002"/>
  <system-out>
    <![CDATA[Test2]]>
  </system-out>
</testsuite> <!-- Aug10_p2.Demo2 -->
