<?xml version="1.0" encoding="UTF-8"?>
<!-- Generated by org.testng.reporters.JUnitReportReporter -->
<testsuite hostname="Suneela-MBP.local" failures="0" tests="2" name="Demo8" time="0.007" errors="0" timestamp="2021-08-10T20:54:18 IST" skipped="0">
  <testcase classname="Demo8" name="testA" time="0.001"/>
  <system-out>
    <![CDATA[Name: Suvarna
Pincode: 560061]]>
  </system-out>
  <testcase classname="Demo8" name="testA" time="0.006"/>
  <system-out>
    <![CDATA[Name: Sunil
Pincode: 576221]]>
  </system-out>
</testsuite> <!-- Demo8 -->
