<?xml version="1.0" encoding="UTF-8"?>
<!-- Generated by org.testng.reporters.JUnitReportReporter -->
<testsuite hostname="Suneela-MBP.local" failures="0" tests="3" name="Demo5" time="0.009" errors="0" timestamp="2021-08-10T20:31:10 IST" skipped="0">
  <testcase classname="Demo5" name="testA" time="0.001"/>
  <system-out>
    <![CDATA[Name: Arun
Address: GMpalya
Pincode: 560061]]>
  </system-out>
  <testcase classname="Demo5" name="testA" time="0.001"/>
  <system-out>
    <![CDATA[Name: Nandish
Address: Ittamadu
Pincode: 560065]]>
  </system-out>
  <testcase classname="Demo5" name="testA" time="0.007"/>
  <system-out>
    <![CDATA[Name: Sunil
Address: Kota
Pincode: 576221]]>
  </system-out>
</testsuite> <!-- Demo5 -->
