<?xml version="1.0" encoding="UTF-8"?>
<!-- Generated by org.testng.reporters.JUnitReportReporter -->
<testsuite hostname="Suneela-MBP.local" failures="0" tests="1" name="testngxml.Demo1" time="0.007" errors="0" timestamp="2021-08-10T21:02:21 IST" skipped="0">
  <testcase classname="testngxml.Demo1" name="testA" time="0.007"/>
  <system-out>
    <![CDATA[testA]]>
  </system-out>
</testsuite> <!-- testngxml.Demo1 -->
